[12:36:29] [main/INFO] (FabricLoader/GameProvider) Loading Minecraft 1.20.4 with Fabric Loader 0.15.6
[12:36:29] [main/INFO] (FabricLoader) Loading 62 mods:
	- architectury 11.0.9
	- cloth-basic-math 0.6.1
	- cloth-config 13.0.121
	- error_notifier 1.0.9
	- fabric-api 0.96.1+1.20.4
	- fabric-api-base 0.4.36+78d798af4f
	- fabric-api-lookup-api-v1 1.6.49+82b1bb3e4f
	- fabric-biome-api-v1 13.0.16+78d798af4f
	- fabric-block-api-v1 1.0.16+3e2216cb4f
	- fabric-block-view-api-v2 1.0.4+78d798af4f
	- fabric-blockrenderlayer-v1 1.1.46+78d798af4f
	- fabric-client-tags-api-v1 1.1.7+78d798af4f
	- fabric-command-api-v1 1.2.41+f71b366f4f
	- fabric-command-api-v2 2.2.20+78d798af4f
	- fabric-commands-v0 0.2.58+df3654b34f
	- fabric-containers-v0 0.1.86+df3654b34f
	- fabric-content-registries-v0 5.0.13+78d798af4f
	- fabric-convention-tags-v1 1.5.10+78d798af4f
	- fabric-crash-report-info-v1 0.2.23+78d798af4f
	- fabric-data-attachment-api-v1 1.1.1+b90db5744f
	- fabric-data-generation-api-v1 13.2.1+5c0133444f
	- fabric-dimensions-v1 2.1.61+78d798af4f
	- fabric-entity-events-v1 1.6.0+44c0f8c64f
	- fabric-events-interaction-v0 0.7.1+389931eb4f
	- fabric-events-lifecycle-v0 0.2.74+df3654b34f
	- fabric-game-rule-api-v1 1.0.46+78d798af4f
	- fabric-gametest-api-v1 1.3.3+85d85a934f
	- fabric-item-api-v1 2.2.0+d6f2b0844f
	- fabric-item-group-api-v1 4.0.23+78d798af4f
	- fabric-key-binding-api-v1 1.0.41+78d798af4f
	- fabric-keybindings-v0 0.2.39+df3654b34f
	- fabric-lifecycle-events-v1 2.3.0+a67ffb5d4f
	- fabric-loot-api-v2 2.1.7+78d798af4f
	- fabric-message-api-v1 6.0.5+78d798af4f
	- fabric-mining-level-api-v1 2.1.63+78d798af4f
	- fabric-model-loading-api-v1 1.0.8+78d798af4f
	- fabric-models-v0 0.4.7+9386d8a74f
	- fabric-networking-api-v1 3.1.7+2e5ac5484f
	- fabric-object-builder-api-v1 13.0.11+06274a474f
	- fabric-particles-v1 1.1.7+78d798af4f
	- fabric-recipe-api-v1 2.0.20+78d798af4f
	- fabric-registry-sync-v0 4.0.18+78d798af4f
	- fabric-renderer-api-v1 3.2.4+78d798af4f
	- fabric-renderer-indigo 1.5.4+78d798af4f
	- fabric-renderer-registries-v1 3.2.53+df3654b34f
	- fabric-rendering-data-attachment-v1 0.3.42+73761d2e4f
	- fabric-rendering-fluids-v1 3.1.0+d74054c14f
	- fabric-rendering-v0 1.1.56+df3654b34f
	- fabric-rendering-v1 3.2.0+6fd945a04f
	- fabric-resource-conditions-api-v1 2.3.14+78d798af4f
	- fabric-resource-loader-v0 0.11.18+b66dcf784f
	- fabric-screen-api-v1 2.0.17+78d798af4f
	- fabric-screen-handler-api-v1 1.3.55+78d798af4f
	- fabric-sound-api-v1 1.0.17+78d798af4f
	- fabric-transfer-api-v1 4.0.10+e84342304f
	- fabric-transitive-access-wideners-v1 5.0.14+78d798af4f
	- fabricloader 0.15.6
	- java 21
	- minecraft 1.20.4
	- mixinextras 0.3.2
	- roughlyenoughitems 14.0.688
	- tutorialmod 1.0.0
[12:36:30] [main/INFO] (FabricLoader/Mixin) SpongePowered MIXIN Subsystem Version=0.8.5 Source=file:/C:/Users/Gebruiker/.gradle/caches/modules-2/files-2.1/net.fabricmc/sponge-mixin/0.12.5+mixin.0.8.5/8d31fb97c3e0cd7c8dad3441851c523bcfae6d8e/sponge-mixin-0.12.5+mixin.0.8.5.jar Service=Knot/Fabric Env=CLIENT
[12:36:30] [main/INFO] (FabricLoader/Mixin) Loaded Fabric development mappings for mixin remapper!
[12:36:30] [main/INFO] (FabricLoader/Mixin) Compatibility level set to JAVA_17
[12:36:32] [main/INFO] (FabricLoader/MixinExtras|Service) Initializing MixinExtras via com.llamalad7.mixinextras.service.MixinExtrasServiceImpl(version=0.3.2).
[12:36:41] [Datafixer Bootstrap/INFO] (Minecraft) 198 Datafixer optimizations took 221 milliseconds
[12:36:44] [Render thread/INFO] (Minecraft) [STDERR]: [LWJGL] [ThreadLocalUtil] Unsupported JNI version detected, this may result in a crash. Please inform LWJGL developers.
[12:36:44] [Render thread/INFO] (Minecraft) Environment: Environment[sessionHost=https://sessionserver.mojang.com, servicesHost=https://api.minecraftservices.com, name=PROD]
[12:36:44] [Render thread/INFO] (Minecraft) Setting user: Player534
[12:36:45] [Render thread/INFO] (fabric-networking-api-v1) Force Packet Serialization is enabled to mimic remote connection on single player, this is the default behaviour on dev env. Add -Dfabric-api.networking.force-packet-serialization=false JVM arg to disable it.
[12:36:45] [Download-2/ERROR] (Minecraft) Failed to fetch user properties
com.mojang.authlib.exceptions.InvalidCredentialsException: Status: 401
	at com.mojang.authlib.exceptions.MinecraftClientHttpException.toAuthenticationException(MinecraftClientHttpException.java:59) ~[authlib-6.0.52.jar:?]
	at com.mojang.authlib.yggdrasil.YggdrasilUserApiService.fetchProperties(YggdrasilUserApiService.java:150) ~[authlib-6.0.52.jar:?]
	at net.minecraft.client.MinecraftClient.method_55608(MinecraftClient.java:467) ~[minecraft-merged-db18d2ccbb-1.20.4-net.fabricmc.yarn.1_20_4.1.20.4+build.3-v2.jar:?]
	at java.util.concurrent.CompletableFuture$AsyncSupply.run(CompletableFuture.java:1768) ~[?:?]
	at java.util.concurrent.ThreadPoolExecutor.runWorker(ThreadPoolExecutor.java:1144) ~[?:?]
	at java.util.concurrent.ThreadPoolExecutor$Worker.run(ThreadPoolExecutor.java:642) ~[?:?]
	at java.lang.Thread.run(Thread.java:1583) ~[?:?]
Caused by: com.mojang.authlib.exceptions.MinecraftClientHttpException: Status: 401
	at com.mojang.authlib.minecraft.client.MinecraftClient.readInputStream(MinecraftClient.java:100) ~[authlib-6.0.52.jar:?]
	at com.mojang.authlib.minecraft.client.MinecraftClient.get(MinecraftClient.java:57) ~[authlib-6.0.52.jar:?]
	at com.mojang.authlib.yggdrasil.YggdrasilUserApiService.fetchProperties(YggdrasilUserApiService.java:121) ~[authlib-6.0.52.jar:?]
	... 5 more
[12:36:45] [Render thread/INFO] (REI) [REI] Config loaded
[12:36:45] [Render thread/INFO] (NetworkManagerImpl) Registering S2C receiver with id roughlyenoughitems:request_tags_s2c
[12:36:45] [Render thread/INFO] (NetworkManagerImpl) Registering C2S receiver with id roughlyenoughitems:request_tags_c2s
[12:36:45] [Render thread/INFO] (REI) [REI] Registered plugin provider DefaultPlugin [roughlyenoughitems] for REIPlugin
[12:36:45] [Render thread/INFO] (REI) [REI] Registered plugin provider DefaultRuntimePlugin [roughlyenoughitems] for REIPlugin
[12:36:45] [Render thread/INFO] (REI) [REI] Registered plugin provider DefaultClientPlugin [roughlyenoughitems] for REIPlugin
[12:36:45] [Render thread/INFO] (REI) [REI] Registered plugin provider DefaultClientRuntimePlugin [roughlyenoughitems] for REIPlugin
[12:36:45] [Render thread/INFO] (REI) [REI] Registered plugin provider HideIngredientsFromTagsPlugin [roughlyenoughitems] for REIPlugin
[12:36:45] [Render thread/INFO] (REI) [REI] Registered plugin provider TutorialModREIClientPlugin [tutorialmod] for REIPlugin
[12:36:45] [Render thread/INFO] (REI) [REI] Registered plugin provider DefaultPlugin [roughlyenoughitems] for REIServerPlugin
[12:36:45] [Render thread/INFO] (REI) [REI] Registered plugin provider DefaultRuntimePlugin [roughlyenoughitems] for REIServerPlugin
[12:36:46] [Render thread/INFO] (REI) [REI] Registered plugin provider FabricFluidAPISupportPlugin for REIServerPlugin
[12:36:46] [Render thread/INFO] (REI) [REI] Registered plugin provider FabricFluidAPISupportPlugin for REIPlugin
[12:36:46] [Render thread/INFO] (NetworkManagerImpl) Registering C2S receiver with id roughlyenoughitems:delete_item
[12:36:46] [Render thread/INFO] (NetworkManagerImpl) Registering C2S receiver with id roughlyenoughitems:create_item
[12:36:46] [Render thread/INFO] (NetworkManagerImpl) Registering C2S receiver with id roughlyenoughitems:create_item_grab
[12:36:46] [Render thread/INFO] (NetworkManagerImpl) Registering C2S receiver with id roughlyenoughitems:create_item_hotbar
[12:36:46] [Render thread/INFO] (NetworkManagerImpl) Registering C2S receiver with id roughlyenoughitems:move_items
[12:36:46] [Render thread/INFO] (NetworkManagerImpl) Registering C2S receiver with id roughlyenoughitems:move_items_new
[12:36:46] [Render thread/INFO] (tutorialmod) Registering Item Groups for tutorialmod
[12:36:46] [Render thread/INFO] (tutorialmod) Registering Mod Items for tutorialmod
[12:36:46] [Render thread/INFO] (tutorialmod) Registering ModBlocks for tutorialmod
[12:36:46] [Render thread/INFO] (tutorialmod) Registering ModEnchantments for tutorialmod
[12:36:46] [Render thread/INFO] (tutorialmod) Registering Mod Sounds for tutorialmod
[12:36:46] [Render thread/INFO] (tutorialmod) Registering Paintings for tutorialmod
[12:36:46] [Render thread/INFO] (tutorialmod) Registering Mod Effects for tutorialmod
[12:36:46] [Render thread/INFO] (tutorialmod) Registering Potions for tutorialmod
[12:36:46] [Render thread/INFO] (tutorialmod) Registering Particles for tutorialmod
[12:36:46] [Render thread/INFO] (tutorialmod) Registering Fluid for tutorialmod
[12:36:46] [Render thread/INFO] (tutorialmod) Registering Block Entities for tutorialmod
[12:36:46] [Render thread/INFO] (REI) [REI] Registered plugin provider DefaultClientPlugin [roughlyenoughitems] for REIClientPlugin
[12:36:46] [Render thread/INFO] (REI) [REI] Registered plugin provider DefaultClientRuntimePlugin [roughlyenoughitems] for REIClientPlugin
[12:36:46] [Render thread/INFO] (REI) [REI] Registered plugin provider HideIngredientsFromTagsPlugin [roughlyenoughitems] for REIClientPlugin
[12:36:46] [Render thread/INFO] (REI) [REI] Registered plugin provider TutorialModREIClientPlugin [tutorialmod] for REIClientPlugin
[12:36:46] [Render thread/INFO] (NetworkManagerImpl) Registering S2C receiver with id roughlyenoughitems:ci_msg
[12:36:46] [Render thread/INFO] (NetworkManagerImpl) Registering S2C receiver with id roughlyenoughitems:og_not_enough
[12:36:46] [Render thread/INFO] (Indigo) [Indigo] Registering Indigo renderer!
[12:36:47] [Render thread/INFO] (NetworkManagerImpl) Registering S2C receiver with id architectury:spawn_entity_packet
[12:36:47] [Render thread/INFO] (Minecraft) Backend library: LWJGL version 3.3.2-snapshot
[12:36:49] [Render thread/INFO] (Minecraft) Reloading ResourceManager: vanilla, fabric, cloth-config, fabric-api, fabric-api-base, fabric-api-lookup-api-v1, fabric-biome-api-v1, fabric-block-api-v1, fabric-block-view-api-v2, fabric-blockrenderlayer-v1, fabric-client-tags-api-v1, fabric-command-api-v1, fabric-command-api-v2, fabric-commands-v0, fabric-containers-v0, fabric-content-registries-v0, fabric-convention-tags-v1, fabric-crash-report-info-v1, fabric-data-attachment-api-v1, fabric-data-generation-api-v1, fabric-dimensions-v1, fabric-entity-events-v1, fabric-events-interaction-v0, fabric-events-lifecycle-v0, fabric-game-rule-api-v1, fabric-gametest-api-v1, fabric-item-api-v1, fabric-item-group-api-v1, fabric-key-binding-api-v1, fabric-keybindings-v0, fabric-lifecycle-events-v1, fabric-loot-api-v2, fabric-message-api-v1, fabric-mining-level-api-v1, fabric-model-loading-api-v1, fabric-models-v0, fabric-networking-api-v1, fabric-object-builder-api-v1, fabric-particles-v1, fabric-recipe-api-v1, fabric-registry-sync-v0, fabric-renderer-api-v1, fabric-renderer-indigo, fabric-renderer-registries-v1, fabric-rendering-data-attachment-v1, fabric-rendering-fluids-v1, fabric-rendering-v0, fabric-rendering-v1, fabric-resource-conditions-api-v1, fabric-resource-loader-v0, fabric-screen-api-v1, fabric-screen-handler-api-v1, fabric-sound-api-v1, fabric-transfer-api-v1, fabric-transitive-access-wideners-v1, fabricloader, roughlyenoughitems, tutorialmod
[12:36:50] [Worker-Main-5/INFO] (Minecraft) Found unifont_all_no_pua-15.1.04.hex, loading
[12:36:51] [Worker-Main-14/WARN] (Minecraft) Exception loading blockstate definition: 'tutorialmod:blockstates/soap_water_block.json' missing model for variant: 'tutorialmod:soap_water_block#level=6'
[12:36:51] [Worker-Main-14/WARN] (Minecraft) Exception loading blockstate definition: 'tutorialmod:blockstates/soap_water_block.json' missing model for variant: 'tutorialmod:soap_water_block#level=7'
[12:36:51] [Worker-Main-14/WARN] (Minecraft) Exception loading blockstate definition: 'tutorialmod:blockstates/soap_water_block.json' missing model for variant: 'tutorialmod:soap_water_block#level=8'
[12:36:51] [Worker-Main-14/WARN] (Minecraft) Exception loading blockstate definition: 'tutorialmod:blockstates/soap_water_block.json' missing model for variant: 'tutorialmod:soap_water_block#level=9'
[12:36:51] [Worker-Main-14/WARN] (Minecraft) Exception loading blockstate definition: 'tutorialmod:blockstates/soap_water_block.json' missing model for variant: 'tutorialmod:soap_water_block#level=15'
[12:36:51] [Worker-Main-14/WARN] (Minecraft) Exception loading blockstate definition: 'tutorialmod:blockstates/soap_water_block.json' missing model for variant: 'tutorialmod:soap_water_block#level=11'
[12:36:51] [Worker-Main-14/WARN] (Minecraft) Exception loading blockstate definition: 'tutorialmod:blockstates/soap_water_block.json' missing model for variant: 'tutorialmod:soap_water_block#level=12'
[12:36:51] [Worker-Main-14/WARN] (Minecraft) Exception loading blockstate definition: 'tutorialmod:blockstates/soap_water_block.json' missing model for variant: 'tutorialmod:soap_water_block#level=13'
[12:36:51] [Worker-Main-14/WARN] (Minecraft) Exception loading blockstate definition: 'tutorialmod:blockstates/soap_water_block.json' missing model for variant: 'tutorialmod:soap_water_block#level=14'
[12:36:51] [Worker-Main-14/WARN] (Minecraft) Exception loading blockstate definition: 'tutorialmod:blockstates/soap_water_block.json' missing model for variant: 'tutorialmod:soap_water_block#level=10'
[12:36:51] [Worker-Main-14/WARN] (Minecraft) Exception loading blockstate definition: 'tutorialmod:blockstates/soap_water_block.json' missing model for variant: 'tutorialmod:soap_water_block#level=2'
[12:36:51] [Worker-Main-14/WARN] (Minecraft) Exception loading blockstate definition: 'tutorialmod:blockstates/soap_water_block.json' missing model for variant: 'tutorialmod:soap_water_block#level=3'
[12:36:51] [Worker-Main-14/WARN] (Minecraft) Exception loading blockstate definition: 'tutorialmod:blockstates/soap_water_block.json' missing model for variant: 'tutorialmod:soap_water_block#level=4'
[12:36:51] [Worker-Main-14/WARN] (Minecraft) Exception loading blockstate definition: 'tutorialmod:blockstates/soap_water_block.json' missing model for variant: 'tutorialmod:soap_water_block#level=5'
[12:36:51] [Worker-Main-14/WARN] (Minecraft) Exception loading blockstate definition: 'tutorialmod:blockstates/soap_water_block.json' missing model for variant: 'tutorialmod:soap_water_block#level=0'
[12:36:51] [Worker-Main-14/WARN] (Minecraft) Exception loading blockstate definition: 'tutorialmod:blockstates/soap_water_block.json' missing model for variant: 'tutorialmod:soap_water_block#level=1'
[12:36:51] [Worker-Main-14/WARN] (Minecraft) Exception loading blockstate definition: 'tutorialmod:blockstates/sludge_block.json' missing model for variant: 'tutorialmod:sludge_block#level=9'
[12:36:51] [Worker-Main-14/WARN] (Minecraft) Exception loading blockstate definition: 'tutorialmod:blockstates/sludge_block.json' missing model for variant: 'tutorialmod:sludge_block#level=0'
[12:36:51] [Worker-Main-14/WARN] (Minecraft) Exception loading blockstate definition: 'tutorialmod:blockstates/sludge_block.json' missing model for variant: 'tutorialmod:sludge_block#level=14'
[12:36:51] [Worker-Main-14/WARN] (Minecraft) Exception loading blockstate definition: 'tutorialmod:blockstates/sludge_block.json' missing model for variant: 'tutorialmod:sludge_block#level=15'
[12:36:51] [Worker-Main-14/WARN] (Minecraft) Exception loading blockstate definition: 'tutorialmod:blockstates/sludge_block.json' missing model for variant: 'tutorialmod:sludge_block#level=12'
[12:36:51] [Worker-Main-14/WARN] (Minecraft) Exception loading blockstate definition: 'tutorialmod:blockstates/sludge_block.json' missing model for variant: 'tutorialmod:sludge_block#level=13'
[12:36:51] [Worker-Main-14/WARN] (Minecraft) Exception loading blockstate definition: 'tutorialmod:blockstates/sludge_block.json' missing model for variant: 'tutorialmod:sludge_block#level=10'
[12:36:51] [Worker-Main-14/WARN] (Minecraft) Exception loading blockstate definition: 'tutorialmod:blockstates/sludge_block.json' missing model for variant: 'tutorialmod:sludge_block#level=11'
[12:36:51] [Worker-Main-14/WARN] (Minecraft) Exception loading blockstate definition: 'tutorialmod:blockstates/sludge_block.json' missing model for variant: 'tutorialmod:sludge_block#level=6'
[12:36:51] [Worker-Main-14/WARN] (Minecraft) Exception loading blockstate definition: 'tutorialmod:blockstates/sludge_block.json' missing model for variant: 'tutorialmod:sludge_block#level=5'
[12:36:51] [Worker-Main-14/WARN] (Minecraft) Exception loading blockstate definition: 'tutorialmod:blockstates/sludge_block.json' missing model for variant: 'tutorialmod:sludge_block#level=8'
[12:36:51] [Worker-Main-14/WARN] (Minecraft) Exception loading blockstate definition: 'tutorialmod:blockstates/sludge_block.json' missing model for variant: 'tutorialmod:sludge_block#level=7'
[12:36:51] [Worker-Main-14/WARN] (Minecraft) Exception loading blockstate definition: 'tutorialmod:blockstates/sludge_block.json' missing model for variant: 'tutorialmod:sludge_block#level=2'
[12:36:51] [Worker-Main-14/WARN] (Minecraft) Exception loading blockstate definition: 'tutorialmod:blockstates/sludge_block.json' missing model for variant: 'tutorialmod:sludge_block#level=1'
[12:36:51] [Worker-Main-14/WARN] (Minecraft) Exception loading blockstate definition: 'tutorialmod:blockstates/sludge_block.json' missing model for variant: 'tutorialmod:sludge_block#level=4'
[12:36:51] [Worker-Main-14/WARN] (Minecraft) Exception loading blockstate definition: 'tutorialmod:blockstates/sludge_block.json' missing model for variant: 'tutorialmod:sludge_block#level=3'
[12:36:52] [Render thread/WARN] (Minecraft) Missing sound for event: minecraft:item.goat_horn.play
[12:36:52] [Render thread/WARN] (Minecraft) Missing sound for event: minecraft:entity.goat.screaming.horn_break
[12:36:52] [Render thread/WARN] (Minecraft) Missing sound for event: minecraft:entity.generic.wind_burst
[12:36:53] [Render thread/INFO] (Minecraft) OpenAL initialized on device OpenAL Soft on Speakers (Realtek(R) Audio)
[12:36:53] [Render thread/INFO] (Minecraft) Sound engine started
[12:36:53] [Render thread/INFO] (Minecraft) Created: 1024x512x4 minecraft:textures/atlas/blocks.png-atlas
[12:36:54] [Render thread/INFO] (Minecraft) Created: 256x256x4 minecraft:textures/atlas/signs.png-atlas
[12:36:54] [Render thread/INFO] (Minecraft) Created: 512x512x4 minecraft:textures/atlas/shield_patterns.png-atlas
[12:36:54] [Render thread/INFO] (Minecraft) Created: 512x512x4 minecraft:textures/atlas/banner_patterns.png-atlas
[12:36:54] [Render thread/INFO] (Minecraft) Created: 1024x1024x4 minecraft:textures/atlas/armor_trims.png-atlas
[12:36:55] [Render thread/INFO] (Minecraft) Created: 128x64x4 minecraft:textures/atlas/decorated_pot.png-atlas
[12:36:55] [Render thread/INFO] (Minecraft) Created: 256x256x4 minecraft:textures/atlas/chest.png-atlas
[12:36:55] [Render thread/INFO] (Minecraft) Created: 512x256x4 minecraft:textures/atlas/shulker_boxes.png-atlas
[12:36:55] [Render thread/INFO] (Minecraft) Created: 512x256x4 minecraft:textures/atlas/beds.png-atlas
[12:36:56] [Render thread/WARN] (Minecraft) Shader rendertype_entity_translucent_emissive could not find sampler named Sampler2 in the specified shader program.
[12:36:57] [Render thread/INFO] (Minecraft) Created: 512x256x0 minecraft:textures/atlas/particles.png-atlas
[12:36:57] [Render thread/INFO] (Minecraft) Created: 256x256x0 minecraft:textures/atlas/paintings.png-atlas
[12:36:57] [Render thread/INFO] (Minecraft) Created: 256x128x0 minecraft:textures/atlas/mob_effects.png-atlas
[12:36:57] [Render thread/INFO] (Minecraft) Created: 1024x512x0 minecraft:textures/atlas/gui.png-atlas
[12:36:57] [IO-Worker-1/INFO] (Minecraft) Could not authorize you against Realms server: Invalid session id
[12:36:57] [IO-Worker-1/ERROR] (Minecraft) Couldn't connect to realms
net.minecraft.client.realms.exception.RealmsServiceException: Realms authentication error with message 'Invalid session id'
	at net.minecraft.client.realms.RealmsClient.execute(RealmsClient.java:447) ~[minecraft-merged-db18d2ccbb-1.20.4-net.fabricmc.yarn.1_20_4.1.20.4+build.3-v2.jar:?]
	at net.minecraft.client.realms.RealmsClient.clientCompatible(RealmsClient.java:232) ~[minecraft-merged-db18d2ccbb-1.20.4-net.fabricmc.yarn.1_20_4.1.20.4+build.3-v2.jar:?]
	at net.minecraft.client.realms.RealmsAvailability.method_52627(RealmsAvailability.java:45) ~[minecraft-merged-db18d2ccbb-1.20.4-net.fabricmc.yarn.1_20_4.1.20.4+build.3-v2.jar:?]
	at java.util.concurrent.CompletableFuture$AsyncSupply.run(CompletableFuture.java:1768) ~[?:?]
	at java.util.concurrent.ThreadPoolExecutor.runWorker(ThreadPoolExecutor.java:1144) ~[?:?]
	at java.util.concurrent.ThreadPoolExecutor$Worker.run(ThreadPoolExecutor.java:642) ~[?:?]
	at java.lang.Thread.run(Thread.java:1583) ~[?:?]
[12:37:06] [Render thread/INFO] (Minecraft) Loaded 8 recipes
[12:37:06] [Render thread/INFO] (Minecraft) Loaded 1282 advancements
[12:37:09] [Render thread/INFO] (BiomeModificationImpl) Applied 0 biome modifications to 0 of 64 new biomes in 4.106 ms
[12:37:09] [Server thread/INFO] (Minecraft) Starting integrated minecraft server version 1.20.4
[12:37:09] [Server thread/INFO] (Minecraft) Generating keypair
[12:37:13] [Server thread/INFO] (Minecraft) Preparing start region for dimension minecraft:overworld
[12:37:13] [Render thread/INFO] (Minecraft) Preparing spawn area: 0%
[12:37:13] [Render thread/INFO] (Minecraft) Preparing spawn area: 0%
[12:37:14] [Render thread/INFO] (Minecraft) Preparing spawn area: 0%
[12:37:14] [Render thread/INFO] (Minecraft) Preparing spawn area: 0%
[12:37:15] [Render thread/INFO] (Minecraft) Preparing spawn area: 1%
[12:37:15] [Render thread/INFO] (Minecraft) Preparing spawn area: 3%
[12:37:16] [Render thread/INFO] (Minecraft) Preparing spawn area: 4%
[12:37:16] [Render thread/INFO] (Minecraft) Preparing spawn area: 7%
[12:37:17] [Render thread/INFO] (Minecraft) Preparing spawn area: 9%
[12:37:17] [Render thread/INFO] (Minecraft) Preparing spawn area: 13%
[12:37:18] [Render thread/INFO] (Minecraft) Preparing spawn area: 15%
[12:37:18] [Render thread/INFO] (Minecraft) Preparing spawn area: 16%
[12:37:19] [Render thread/INFO] (Minecraft) Preparing spawn area: 22%
[12:37:19] [Render thread/INFO] (Minecraft) Preparing spawn area: 25%
[12:37:20] [Render thread/INFO] (Minecraft) Preparing spawn area: 29%
[12:37:20] [Render thread/INFO] (Minecraft) Preparing spawn area: 33%
[12:37:21] [Render thread/INFO] (Minecraft) Preparing spawn area: 38%
[12:37:21] [Render thread/INFO] (Minecraft) Preparing spawn area: 42%
[12:37:22] [Render thread/INFO] (Minecraft) Preparing spawn area: 46%
[12:37:22] [Render thread/INFO] (Minecraft) Preparing spawn area: 50%
[12:37:23] [Render thread/INFO] (Minecraft) Preparing spawn area: 54%
[12:37:23] [Render thread/INFO] (Minecraft) Preparing spawn area: 58%
[12:37:24] [Render thread/INFO] (Minecraft) Preparing spawn area: 63%
[12:37:24] [Render thread/INFO] (Minecraft) Preparing spawn area: 66%
[12:37:25] [Render thread/INFO] (Minecraft) Preparing spawn area: 69%
[12:37:25] [Render thread/INFO] (Minecraft) Preparing spawn area: 75%
[12:37:26] [Render thread/INFO] (Minecraft) Preparing spawn area: 78%
[12:37:26] [Render thread/INFO] (Minecraft) Preparing spawn area: 82%
[12:37:27] [Render thread/INFO] (Minecraft) Preparing spawn area: 86%
[12:37:27] [Render thread/INFO] (Minecraft) Preparing spawn area: 91%
[12:37:28] [Render thread/INFO] (Minecraft) Preparing spawn area: 95%
[12:37:28] [Render thread/INFO] (Minecraft) Time elapsed: 15323 ms
[12:37:28] [Server thread/INFO] (Minecraft) Changing view distance to 12, from 10
[12:37:28] [Server thread/INFO] (Minecraft) Changing simulation distance to 12, from 0
[12:37:30] [Server thread/INFO] (Minecraft) Player534[local:E:400fe1be] logged in with entity id 172 at (218.5, 76.0, -313.5)
[12:37:30] [Server thread/INFO] (Minecraft) Player534 joined the game
[12:37:31] [Render thread/WARN] (Minecraft) Unknown recipe category: tutorialmod:gem_empowering/tutorialmod:diamond_from_ruby
[12:37:31] [REI-ReloadPlugins/INFO] (REI) [REI] ****************************************
[12:37:31] [REI-ReloadPlugins/INFO] (REI) [REI] REIPlugin starting main-reload for START.
[12:37:31] [REI-ReloadPlugins/INFO] (REI) [REI] Plugins (7):
[12:37:31] [REI-ReloadPlugins/INFO] (REI) [REI]  - (-100.00) DefaultClientPlugin of DefaultClientPlugin [roughlyenoughitems]
[12:37:31] [REI-ReloadPlugins/INFO] (REI) [REI]  - (-100.00) DefaultPlugin of DefaultPlugin [roughlyenoughitems]
[12:37:31] [REI-ReloadPlugins/INFO] (REI) [REI]  - (0.00) FabricFluidAPISupportPlugin
[12:37:31] [REI-ReloadPlugins/INFO] (REI) [REI]  - (0.00) TutorialModREIClientPlugin of TutorialModREIClientPlugin [tutorialmod]
[12:37:31] [REI-ReloadPlugins/INFO] (REI) [REI]  - (0.00) HideIngredientsFromTagsPlugin of HideIngredientsFromTagsPlugin [roughlyenoughitems]
[12:37:31] [REI-ReloadPlugins/INFO] (REI) [REI]  - (0.00) DefaultClientRuntimePlugin of DefaultClientRuntimePlugin [roughlyenoughitems]
[12:37:31] [REI-ReloadPlugins/INFO] (REI) [REI]  - (0.00) DefaultRuntimePlugin of DefaultRuntimePlugin [roughlyenoughitems]
[12:37:31] [REI-ReloadPlugins/INFO] (REI) [REI] ****************************************
[12:37:31] [REI-ReloadPlugins/INFO] (REI) [REI] ========================================
[12:37:31] [REI-ReloadPlugins/INFO] (REI) [REI] REIClientPlugin starting main-reload for START.
[12:37:31] [REI-ReloadPlugins/INFO] (REI) [REI] Plugins (4):
[12:37:31] [REI-ReloadPlugins/INFO] (REI) [REI]  - (-100.00) DefaultClientPlugin of DefaultClientPlugin [roughlyenoughitems]
[12:37:31] [REI-ReloadPlugins/INFO] (REI) [REI]  - (0.00) TutorialModREIClientPlugin of TutorialModREIClientPlugin [tutorialmod]
[12:37:31] [REI-ReloadPlugins/INFO] (REI) [REI]  - (0.00) HideIngredientsFromTagsPlugin of HideIngredientsFromTagsPlugin [roughlyenoughitems]
[12:37:31] [REI-ReloadPlugins/INFO] (REI) [REI]  - (0.00) DefaultClientRuntimePlugin of DefaultClientRuntimePlugin [roughlyenoughitems]
[12:37:31] [REI-ReloadPlugins/INFO] (REI) [REI] ========================================
[12:37:31] [Render thread/INFO] (Minecraft) Loaded 2 advancements
[12:37:31] [REI-ReloadPlugins/INFO] (REI) [REI] ========================================
[12:37:31] [REI-ReloadPlugins/INFO] (REI) [REI] REIServerPlugin starting main-reload for START.
[12:37:31] [REI-ReloadPlugins/INFO] (REI) [REI] Plugins (3):
[12:37:31] [REI-ReloadPlugins/INFO] (REI) [REI]  - (-100.00) DefaultPlugin of DefaultPlugin [roughlyenoughitems]
[12:37:31] [REI-ReloadPlugins/INFO] (REI) [REI]  - (0.00) FabricFluidAPISupportPlugin
[12:37:31] [REI-ReloadPlugins/INFO] (REI) [REI]  - (0.00) DefaultRuntimePlugin of DefaultRuntimePlugin [roughlyenoughitems]
[12:37:31] [REI-ReloadPlugins/INFO] (REI) [REI] ========================================
[12:37:31] [REI-ReloadPlugins/INFO] (REI) [REI] REIPlugin finished post-reload for START in 4.493 ms, totaling 204.2 ms.
[12:37:31] [REI-ReloadPlugins/INFO] (REI) [REI] REIClientPlugin finished post-reload for START in 596.0 μs, totaling 699.5 ms.
[12:37:31] [REI-ReloadPlugins/INFO] (REI) [REI] REIServerPlugin finished post-reload for START in 264.5 μs, totaling 2.729 ms.
[12:37:31] [REI-ReloadPlugins/INFO] (REI) [REI] OOOOOOOOOOOOOOOOOOOOOOOOOOOOOOOOOOOOOOOO
[12:37:31] [REI-ReloadPlugins/INFO] (REI) [REI] REIPlugin starting main-reload for END.
[12:37:31] [REI-ReloadPlugins/INFO] (REI) [REI] Plugins (7):
[12:37:31] [REI-ReloadPlugins/INFO] (REI) [REI]  - (-100.00) DefaultClientPlugin of DefaultClientPlugin [roughlyenoughitems]
[12:37:31] [REI-ReloadPlugins/INFO] (REI) [REI]  - (-100.00) DefaultPlugin of DefaultPlugin [roughlyenoughitems]
[12:37:31] [REI-ReloadPlugins/INFO] (REI) [REI]  - (0.00) FabricFluidAPISupportPlugin
[12:37:31] [REI-ReloadPlugins/INFO] (REI) [REI]  - (0.00) TutorialModREIClientPlugin of TutorialModREIClientPlugin [tutorialmod]
[12:37:31] [REI-ReloadPlugins/INFO] (REI) [REI]  - (0.00) HideIngredientsFromTagsPlugin of HideIngredientsFromTagsPlugin [roughlyenoughitems]
[12:37:31] [REI-ReloadPlugins/INFO] (REI) [REI]  - (0.00) DefaultClientRuntimePlugin of DefaultClientRuntimePlugin [roughlyenoughitems]
[12:37:31] [REI-ReloadPlugins/INFO] (REI) [REI]  - (0.00) DefaultRuntimePlugin of DefaultRuntimePlugin [roughlyenoughitems]
[12:37:31] [REI-ReloadPlugins/INFO] (REI) [REI] OOOOOOOOOOOOOOOOOOOOOOOOOOOOOOOOOOOOOOOO
[12:37:32] [REI-ReloadPlugins/INFO] (REI) [REI] OOOOOOOOOOOOOOOOOOOOOOOOOOOOOOOOOOOOOOOO
[12:37:32] [REI-ReloadPlugins/INFO] (REI) [REI] REIClientPlugin starting main-reload for END.
[12:37:32] [REI-ReloadPlugins/INFO] (REI) [REI] Plugins (4):
[12:37:32] [REI-ReloadPlugins/INFO] (REI) [REI]  - (-100.00) DefaultClientPlugin of DefaultClientPlugin [roughlyenoughitems]
[12:37:32] [REI-ReloadPlugins/INFO] (REI) [REI]  - (0.00) TutorialModREIClientPlugin of TutorialModREIClientPlugin [tutorialmod]
[12:37:32] [REI-ReloadPlugins/INFO] (REI) [REI]  - (0.00) HideIngredientsFromTagsPlugin of HideIngredientsFromTagsPlugin [roughlyenoughitems]
[12:37:32] [REI-ReloadPlugins/INFO] (REI) [REI]  - (0.00) DefaultClientRuntimePlugin of DefaultClientRuntimePlugin [roughlyenoughitems]
[12:37:32] [REI-ReloadPlugins/INFO] (REI) [REI] OOOOOOOOOOOOOOOOOOOOOOOOOOOOOOOOOOOOOOOO
[12:37:33] [REI-ReloadPlugins/INFO] (REI) [REI] ########################################
[12:37:33] [REI-ReloadPlugins/INFO] (REI) [REI] REIServerPlugin starting main-reload for END.
[12:37:33] [REI-ReloadPlugins/INFO] (REI) [REI] Plugins (3):
[12:37:33] [REI-ReloadPlugins/INFO] (REI) [REI]  - (-100.00) DefaultPlugin of DefaultPlugin [roughlyenoughitems]
[12:37:33] [REI-ReloadPlugins/INFO] (REI) [REI]  - (0.00) FabricFluidAPISupportPlugin
[12:37:33] [REI-ReloadPlugins/INFO] (REI) [REI]  - (0.00) DefaultRuntimePlugin of DefaultRuntimePlugin [roughlyenoughitems]
[12:37:33] [REI-ReloadPlugins/INFO] (REI) [REI] ########################################
[12:37:33] [REI-ReloadPlugins/INFO] (REI) [REI] REIPlugin finished post-reload for END in 1.038 ms, totaling 168.9 ms.
[12:37:33] [REI-ReloadPlugins/INFO] (REI) [REI] REIClientPlugin finished post-reload for END in 1.206 ms, totaling 1.223 s.
[12:37:33] [REI-ReloadPlugins/INFO] (REI) [REI] REIServerPlugin finished post-reload for END in 841.7 μs, totaling 20.18 ms.
[12:37:49] [Server thread/INFO] (Minecraft) Saving and pausing game...
[12:37:49] [Server thread/INFO] (Minecraft) Saving chunks for level 'ServerLevel[New World]'/minecraft:overworld
[12:37:49] [Server thread/INFO] (Minecraft) Saving chunks for level 'ServerLevel[New World]'/minecraft:the_end
[12:37:49] [Server thread/INFO] (Minecraft) Saving chunks for level 'ServerLevel[New World]'/minecraft:the_nether
[12:38:10] [Server thread/INFO] (Minecraft) Saving and pausing game...
[12:38:10] [Server thread/INFO] (Minecraft) Saving chunks for level 'ServerLevel[New World]'/minecraft:overworld
[12:38:10] [Server thread/INFO] (Minecraft) Saving chunks for level 'ServerLevel[New World]'/minecraft:the_end
[12:38:10] [Server thread/INFO] (Minecraft) Saving chunks for level 'ServerLevel[New World]'/minecraft:the_nether
[12:38:11] [Server thread/INFO] (Minecraft) Player534 lost connection: Disconnected
[12:38:11] [Server thread/INFO] (Minecraft) Player534 left the game
[12:38:11] [Server thread/INFO] (Minecraft) Stopping singleplayer server as player logged out
[12:38:11] [Server thread/INFO] (Minecraft) Stopping server
[12:38:11] [Server thread/INFO] (Minecraft) Saving players
[12:38:11] [Server thread/INFO] (Minecraft) Saving worlds
[12:38:12] [Server thread/INFO] (Minecraft) Saving chunks for level 'ServerLevel[New World]'/minecraft:overworld
[12:38:13] [Server thread/INFO] (Minecraft) Saving chunks for level 'ServerLevel[New World]'/minecraft:the_end
[12:38:13] [Server thread/INFO] (Minecraft) Saving chunks for level 'ServerLevel[New World]'/minecraft:the_nether
[12:38:13] [Server thread/INFO] (Minecraft) ThreadedAnvilChunkStorage (New World (6)): All chunks are saved
[12:38:13] [Server thread/INFO] (Minecraft) ThreadedAnvilChunkStorage (DIM1): All chunks are saved
[12:38:13] [Server thread/INFO] (Minecraft) ThreadedAnvilChunkStorage (DIM-1): All chunks are saved
[12:38:13] [Server thread/INFO] (Minecraft) ThreadedAnvilChunkStorage: All dimensions are saved
[12:38:33] [Render thread/INFO] (Minecraft) Stopping!
