[21:45:57] [Render thread/INFO] ========================================
[21:45:57] [Render thread/INFO] Minecraft: 1.20.4
[21:45:57] [Render thread/INFO] Side: client
[21:45:57] [Render thread/INFO] Development: true
[21:45:57] [Render thread/INFO] Version: 14.0.688
[21:45:57] [Render thread/INFO] Loader:
[21:45:57] [Render thread/INFO] - Fabric: 0.15.6
[21:45:57] [Render thread/INFO] - Fabric API: 0.96.1+1.20.4
[21:45:57] [Render thread/INFO] Dependencies:
[21:45:57] [Render thread/INFO] - Cloth Config: 13.0.121
[21:45:57] [Render thread/INFO] - Architectury: 11.0.9
[21:45:57] [Render thread/INFO] Mixin: 0.8.5
[21:45:57] [Render thread/INFO] OS: Windows 11 10.0 (amd64)
[21:45:57] [Render thread/INFO] Java: 21.0.2 (Eclipse Adoptium)
[21:45:57] [Render thread/INFO] ========================================
[21:45:57] [Render thread/INFO] Mods:
[21:45:57] [Render thread/INFO] - architectury: 11.0.9
[21:45:57] [Render thread/INFO] - cloth-basic-math: 0.6.1
[21:45:57] [Render thread/INFO] - cloth-config: 13.0.121
[21:45:57] [Render thread/INFO] - cloth-config: 13.0.121
[21:45:57] [Render thread/INFO] - error_notifier: 1.0.9
[21:45:57] [Render thread/INFO] - fabric-api: 0.96.1+1.20.4
[21:45:57] [Render thread/INFO] - fabric-api: 0.96.1+1.20.4
[21:45:57] [Render thread/INFO] - fabric-api-base: 0.4.36+78d798af4f
[21:45:57] [Render thread/INFO] - fabric-api-lookup-api-v1: 1.6.49+82b1bb3e4f
[21:45:57] [Render thread/INFO] - fabric-biome-api-v1: 13.0.16+78d798af4f
[21:45:57] [Render thread/INFO] - fabric-block-api-v1: 1.0.16+3e2216cb4f
[21:45:57] [Render thread/INFO] - fabric-block-view-api-v2: 1.0.4+78d798af4f
[21:45:57] [Render thread/INFO] - fabric-blockrenderlayer-v1: 1.1.46+78d798af4f
[21:45:57] [Render thread/INFO] - fabric-client-tags-api-v1: 1.1.7+78d798af4f
[21:45:57] [Render thread/INFO] - fabric-command-api-v1: 1.2.41+f71b366f4f
[21:45:57] [Render thread/INFO] - fabric-command-api-v2: 2.2.20+78d798af4f
[21:45:57] [Render thread/INFO] - fabric-commands-v0: 0.2.58+df3654b34f
[21:45:57] [Render thread/INFO] - fabric-containers-v0: 0.1.86+df3654b34f
[21:45:57] [Render thread/INFO] - fabric-content-registries-v0: 5.0.13+78d798af4f
[21:45:57] [Render thread/INFO] - fabric-convention-tags-v1: 1.5.10+78d798af4f
[21:45:57] [Render thread/INFO] - fabric-crash-report-info-v1: 0.2.23+78d798af4f
[21:45:57] [Render thread/INFO] - fabric-data-attachment-api-v1: 1.1.1+b90db5744f
[21:45:57] [Render thread/INFO] - fabric-data-generation-api-v1: 13.2.1+5c0133444f
[21:45:57] [Render thread/INFO] - fabric-dimensions-v1: 2.1.61+78d798af4f
[21:45:57] [Render thread/INFO] - fabric-entity-events-v1: 1.6.0+44c0f8c64f
[21:45:57] [Render thread/INFO] - fabric-events-interaction-v0: 0.7.1+389931eb4f
[21:45:57] [Render thread/INFO] - fabric-events-lifecycle-v0: 0.2.74+df3654b34f
[21:45:57] [Render thread/INFO] - fabric-game-rule-api-v1: 1.0.46+78d798af4f
[21:45:57] [Render thread/INFO] - fabric-gametest-api-v1: 1.3.3+85d85a934f
[21:45:57] [Render thread/INFO] - fabric-item-api-v1: 2.2.0+d6f2b0844f
[21:45:57] [Render thread/INFO] - fabric-item-group-api-v1: 4.0.23+78d798af4f
[21:45:57] [Render thread/INFO] - fabric-key-binding-api-v1: 1.0.41+78d798af4f
[21:45:57] [Render thread/INFO] - fabric-keybindings-v0: 0.2.39+df3654b34f
[21:45:57] [Render thread/INFO] - fabric-lifecycle-events-v1: 2.3.0+a67ffb5d4f
[21:45:57] [Render thread/INFO] - fabric-loot-api-v2: 2.1.7+78d798af4f
[21:45:57] [Render thread/INFO] - fabric-message-api-v1: 6.0.5+78d798af4f
[21:45:57] [Render thread/INFO] - fabric-mining-level-api-v1: 2.1.63+78d798af4f
[21:45:57] [Render thread/INFO] - fabric-model-loading-api-v1: 1.0.8+78d798af4f
[21:45:57] [Render thread/INFO] - fabric-models-v0: 0.4.7+9386d8a74f
[21:45:57] [Render thread/INFO] - fabric-networking-api-v1: 3.1.7+2e5ac5484f
[21:45:57] [Render thread/INFO] - fabric-object-builder-api-v1: 13.0.11+06274a474f
[21:45:57] [Render thread/INFO] - fabric-particles-v1: 1.1.7+78d798af4f
[21:45:57] [Render thread/INFO] - fabric-recipe-api-v1: 2.0.20+78d798af4f
[21:45:57] [Render thread/INFO] - fabric-registry-sync-v0: 4.0.18+78d798af4f
[21:45:57] [Render thread/INFO] - fabric-renderer-api-v1: 3.2.4+78d798af4f
[21:45:57] [Render thread/INFO] - fabric-renderer-indigo: 1.5.4+78d798af4f
[21:45:57] [Render thread/INFO] - fabric-renderer-registries-v1: 3.2.53+df3654b34f
[21:45:57] [Render thread/INFO] - fabric-rendering-data-attachment-v1: 0.3.42+73761d2e4f
[21:45:57] [Render thread/INFO] - fabric-rendering-fluids-v1: 3.1.0+d74054c14f
[21:45:57] [Render thread/INFO] - fabric-rendering-v0: 1.1.56+df3654b34f
[21:45:57] [Render thread/INFO] - fabric-rendering-v1: 3.2.0+6fd945a04f
[21:45:57] [Render thread/INFO] - fabric-resource-conditions-api-v1: 2.3.14+78d798af4f
[21:45:57] [Render thread/INFO] - fabric-resource-loader-v0: 0.11.18+b66dcf784f
[21:45:57] [Render thread/INFO] - fabric-screen-api-v1: 2.0.17+78d798af4f
[21:45:57] [Render thread/INFO] - fabric-screen-handler-api-v1: 1.3.55+78d798af4f
[21:45:57] [Render thread/INFO] - fabric-sound-api-v1: 1.0.17+78d798af4f
[21:45:57] [Render thread/INFO] - fabric-transfer-api-v1: 4.0.10+e84342304f
[21:45:57] [Render thread/INFO] - fabric-transitive-access-wideners-v1: 5.0.14+78d798af4f
[21:45:57] [Render thread/INFO] - fabricloader: 0.15.6
[21:45:57] [Render thread/INFO] - java: 21
[21:45:57] [Render thread/INFO] - minecraft: 1.20.4
[21:45:57] [Render thread/INFO] - mixinextras: 0.3.2
[21:45:57] [Render thread/INFO] - roughlyenoughitems: 14.0.688
[21:45:57] [Render thread/INFO] - tutorialmod: 1.0.0
[21:45:57] [Render thread/INFO] ========================================
[21:45:57] [Render thread/DEBUG] [REI] Added filtering rule [roughlyenoughitems:search]: INSTANCE
[21:45:57] [Render thread/DEBUG] [REI] Added filtering rule [roughlyenoughitems:manual]: INSTANCE
[21:45:57] [Render thread/DEBUG] [REI] Added filtering rule [roughlyenoughitems:basic]: INSTANCE
[21:45:57] [Render thread/INFO] [REI] Config loaded
[21:45:57] [Render thread/DEBUG] [REI] Config saved
[21:45:58] [Render thread/INFO] [REI] Registered plugin provider DefaultPlugin [roughlyenoughitems] for REIPlugin
[21:45:58] [Render thread/INFO] [REI] Registered plugin provider DefaultRuntimePlugin [roughlyenoughitems] for REIPlugin
